[23/Feb/2016 20:10:22] [API] [w] api ~ warn
[23/Feb/2016 20:10:22] [API] [e] api ~ error
[23/Feb/2016 20:10:22] [API] [c] api ~ critical
[23/Feb/2016 20:10:22] [FS] [w] fs ~ warn
[23/Feb/2016 20:10:22] [FS] [e] fs ~ error
[23/Feb/2016 20:10:22] [FS] [c] fs ~ critical
[23/Feb/2016 20:10:22] [WS] [w] ws ~ warn
[23/Feb/2016 20:10:22] [WS] [e] ws ~ error
[23/Feb/2016 20:10:22] [WS] [c] ws ~ critical
[23/Feb/2016 20:10:22] [BILLING] [w] billing ~ warn
[23/Feb/2016 20:10:22] [BILLING] [e] billing ~ error
[23/Feb/2016 20:10:22] [BILLING] [c] billing ~ critical
[23/Feb/2016 20:10:22] [MON] [w] monitoring ~ warn
[23/Feb/2016 20:10:22] [MON] [e] monitoring ~ error
[23/Feb/2016 20:10:22] [MON] [c] monitoring ~ critical
[23/Feb/2016 20:10:22] [---] [w] app ~ warn
[23/Feb/2016 20:10:22] [---] [e] app ~ error
[23/Feb/2016 20:10:22] [---] [c] app ~ critical
[23/Feb/2016 20:10:29] [WS] [w] ws ~ warn
[23/Feb/2016 20:10:29] [WS] [e] ws ~ error
[23/Feb/2016 20:10:29] [WS] [c] ws ~ critical
[23/Feb/2016 20:10:29] [BILLING] [w] billing ~ warn
[23/Feb/2016 20:10:29] [BILLING] [e] billing ~ error
[23/Feb/2016 20:10:29] [BILLING] [c] billing ~ critical
[23/Feb/2016 20:10:29] [MON] [w] monitoring ~ warn
[23/Feb/2016 20:10:29] [MON] [e] monitoring ~ error
[23/Feb/2016 20:10:29] [MON] [c] monitoring ~ critical
[23/Feb/2016 20:10:29] [---] [w] app ~ warn
[23/Feb/2016 20:10:29] [---] [e] app ~ error
[23/Feb/2016 20:10:29] [---] [c] app ~ critical
[23/Feb/2016 20:10:29] [API] [w] api ~ warn
[23/Feb/2016 20:10:29] [API] [e] api ~ error
[23/Feb/2016 20:10:29] [API] [c] api ~ critical
[23/Feb/2016 20:10:29] [FS] [w] fs ~ warn
[23/Feb/2016 20:10:29] [FS] [e] fs ~ error
[23/Feb/2016 20:10:29] [FS] [c] fs ~ critical
